# JRE version: OpenJDK Runtime Environment Temurin-17.0.13+11 (17.0.13+11) (build 17.0.13+11)
# Java VM: OpenJDK 64-Bit Server VM Temurin-17.0.13+11 (17.0.13+11, mixed mode, tiered, compressed oops, compressed class ptrs, parallel gc, windows-amd64)
GC Precious Log:
 CPUs: 2 total, 2 available
 Memory: 7638M
 Large Page Support: Disabled
 NUMA Support: Disabled
 Compressed Oops: Enabled (32-bit)
 Alignments: Space 512K, Generation 512K, Heap 2M
 Heap Min Capacity: 100M
 Heap Initial Capacity: 100M
 Heap Max Capacity: 1G
 Pre-touch: Disabled
 Parallel Workers: 2
Heap:
 PSYoungGen      total 4096K, used 3685K [0x00000000eab00000, 0x00000000eb100000, 0x0000000100000000)
  eden space 2048K, 86% used [0x00000000eab00000,0x00000000eacbd700,0x00000000ead00000)
  from space 2048K, 92% used [0x00000000eaf00000,0x00000000eb0dc020,0x00000000eb100000)
  to   space 2048K, 0% used [0x00000000ead00000,0x00000000ead00000,0x00000000eaf00000)
 ParOldGen       total 150528K, used 137808K [0x00000000c0000000, 0x00000000c9300000, 0x00000000eab00000)
  object space 150528K, 91% used [0x00000000c0000000,0x00000000c8694038,0x00000000c9300000)
 Metaspace       used 94078K, committed 95360K, reserved 1179648K
  class space    used 9565K, committed 10112K, reserved 1048576K
GC Heap History (20 events):
Event: 7259.903 GC heap before
{Heap before GC invocations=2130 (full 52):
 PSYoungGen      total 5632K, used 5602K [0x00000000eab00000, 0x00000000eb780000, 0x0000000100000000)
  eden space 1536K, 100% used [0x00000000eab00000,0x00000000eac80000,0x00000000eac80000)
  from space 4096K, 99% used [0x00000000eb180000,0x00000000eb578af0,0x00000000eb580000)
  to   space 5120K, 0% used [0x00000000eac80000,0x00000000eac80000,0x00000000eb180000)
 ParOldGen       total 150528K, used 132203K [0x00000000c0000000, 0x00000000c9300000, 0x00000000eab00000)
  object space 150528K, 87% used [0x00000000c0000000,0x00000000c811ae38,0x00000000c9300000)
 Metaspace       used 94077K, committed 95360K, reserved 1179648K
  class space    used 9565K, committed 10112K, reserved 1048576K
}
Event: 7259.911 GC heap after
{Heap after GC invocations=2130 (full 52):
 PSYoungGen      total 6656K, used 5023K [0x00000000eab00000, 0x00000000eb780000, 0x0000000100000000)
  eden space 1536K, 0% used [0x00000000eab00000,0x00000000eab00000,0x00000000eac80000)
  from space 5120K, 98% used [0x00000000eac80000,0x00000000eb167cf0,0x00000000eb180000)
  to   space 5632K, 0% used [0x00000000eb200000,0x00000000eb200000,0x00000000eb780000)
 ParOldGen       total 150528K, used 132219K [0x00000000c0000000, 0x00000000c9300000, 0x00000000eab00000)
  object space 150528K, 87% used [0x00000000c0000000,0x00000000c811ee38,0x00000000c9300000)
 Metaspace       used 94077K, committed 95360K, reserved 1179648K
  class space    used 9565K, committed 10112K, reserved 1048576K
}
Event: 7259.934 GC heap before
{Heap before GC invocations=2131 (full 52):
 PSYoungGen      total 6656K, used 6299K [0x00000000eab00000, 0x00000000eb780000, 0x0000000100000000)
  eden space 1536K, 83% used [0x00000000eab00000,0x00000000eac3f050,0x00000000eac80000)
  from space 5120K, 98% used [0x00000000eac80000,0x00000000eb167cf0,0x00000000eb180000)
  to   space 5632K, 0% used [0x00000000eb200000,0x00000000eb200000,0x00000000eb780000)
 ParOldGen       total 150528K, used 132219K [0x00000000c0000000, 0x00000000c9300000, 0x00000000eab00000)
  object space 150528K, 87% used [0x00000000c0000000,0x00000000c811ee38,0x00000000c9300000)
 Metaspace       used 94077K, committed 95360K, reserved 1179648K
  class space    used 9565K, committed 10112K, reserved 1048576K
}
Event: 7259.949 GC heap after
{Heap after GC invocations=2131 (full 52):
 PSYoungGen      total 6144K, used 5608K [0x00000000eab00000, 0x00000000eba00000, 0x0000000100000000)
  eden space 512K, 0% used [0x00000000eab00000,0x00000000eab00000,0x00000000eab80000)
  from space 5632K, 99% used [0x00000000eb200000,0x00000000eb77a0c0,0x00000000eb780000)
  to   space 6656K, 0% used [0x00000000eab80000,0x00000000eab80000,0x00000000eb200000)
 ParOldGen       total 150528K, used 132664K [0x00000000c0000000, 0x00000000c9300000, 0x00000000eab00000)
  object space 150528K, 88% used [0x00000000c0000000,0x00000000c818e058,0x00000000c9300000)
 Metaspace       used 94077K, committed 95360K, reserved 1179648K
  class space    used 9565K, committed 10112K, reserved 1048576K
}
Event: 7260.016 GC heap before
{Heap before GC invocations=2132 (full 52):
 PSYoungGen      total 6144K, used 6099K [0x00000000eab00000, 0x00000000eba00000, 0x0000000100000000)
  eden space 512K, 95% used [0x00000000eab00000,0x00000000eab7ac70,0x00000000eab80000)
  from space 5632K, 99% used [0x00000000eb200000,0x00000000eb77a0c0,0x00000000eb780000)
  to   space 6656K, 0% used [0x00000000eab80000,0x00000000eab80000,0x00000000eb200000)
 ParOldGen       total 150528K, used 132664K [0x00000000c0000000, 0x00000000c9300000, 0x00000000eab00000)
  object space 150528K, 88% used [0x00000000c0000000,0x00000000c818e058,0x00000000c9300000)
 Metaspace       used 94077K, committed 95360K, reserved 1179648K
  class space    used 9565K, committed 10112K, reserved 1048576K
}
Event: 7260.023 GC heap after
{Heap after GC invocations=2132 (full 52):
 PSYoungGen      total 3072K, used 2528K [0x00000000eab00000, 0x00000000eb380000, 0x0000000100000000)
  eden space 512K, 0% used [0x00000000eab00000,0x00000000eab00000,0x00000000eab80000)
  from space 2560K, 98% used [0x00000000eab80000,0x00000000eadf8020,0x00000000eae00000)
  to   space 4096K, 0% used [0x00000000eaf80000,0x00000000eaf80000,0x00000000eb380000)
 ParOldGen       total 150528K, used 133189K [0x00000000c0000000, 0x00000000c9300000, 0x00000000eab00000)
  object space 150528K, 88% used [0x00000000c0000000,0x00000000c8211518,0x00000000c9300000)
 Metaspace       used 94077K, committed 95360K, reserved 1179648K
  class space    used 9565K, committed 10112K, reserved 1048576K
}
Event: 7260.031 GC heap before
{Heap before GC invocations=2133 (full 52):
 PSYoungGen      total 3072K, used 3040K [0x00000000eab00000, 0x00000000eb380000, 0x0000000100000000)
  eden space 512K, 100% used [0x00000000eab00000,0x00000000eab80000,0x00000000eab80000)
  from space 2560K, 98% used [0x00000000eab80000,0x00000000eadf8020,0x00000000eae00000)
  to   space 4096K, 0% used [0x00000000eaf80000,0x00000000eaf80000,0x00000000eb380000)
 ParOldGen       total 150528K, used 133189K [0x00000000c0000000, 0x00000000c9300000, 0x00000000eab00000)
  object space 150528K, 88% used [0x00000000c0000000,0x00000000c8211518,0x00000000c9300000)
 Metaspace       used 94077K, committed 95360K, reserved 1179648K
  class space    used 9565K, committed 10112K, reserved 1048576K
}
Event: 7260.037 GC heap after
{Heap after GC invocations=2133 (full 52):
 PSYoungGen      total 4096K, used 2938K [0x00000000eab00000, 0x00000000eb280000, 0x0000000100000000)
  eden space 1024K, 0% used [0x00000000eab00000,0x00000000eab00000,0x00000000eac00000)
  from space 3072K, 95% used [0x00000000eaf80000,0x00000000eb25eb20,0x00000000eb280000)
  to   space 3072K, 0% used [0x00000000eac80000,0x00000000eac80000,0x00000000eaf80000)
 ParOldGen       total 150528K, used 133301K [0x00000000c0000000, 0x00000000c9300000, 0x00000000eab00000)
  object space 150528K, 88% used [0x00000000c0000000,0x00000000c822d518,0x00000000c9300000)
 Metaspace       used 94077K, committed 95360K, reserved 1179648K
  class space    used 9565K, committed 10112K, reserved 1048576K
}
Event: 7261.648 GC heap before
{Heap before GC invocations=2134 (full 52):
 PSYoungGen      total 4096K, used 3962K [0x00000000eab00000, 0x00000000eb280000, 0x0000000100000000)
  eden space 1024K, 100% used [0x00000000eab00000,0x00000000eac00000,0x00000000eac00000)
  from space 3072K, 95% used [0x00000000eaf80000,0x00000000eb25eb20,0x00000000eb280000)
  to   space 3072K, 0% used [0x00000000eac80000,0x00000000eac80000,0x00000000eaf80000)
 ParOldGen       total 150528K, used 133301K [0x00000000c0000000, 0x00000000c9300000, 0x00000000eab00000)
  object space 150528K, 88% used [0x00000000c0000000,0x00000000c822d518,0x00000000c9300000)
 Metaspace       used 94077K, committed 95360K, reserved 1179648K
  class space    used 9565K, committed 10112K, reserved 1048576K
}
Event: 7261.656 GC heap after
{Heap after GC invocations=2134 (full 52):
 PSYoungGen      total 4096K, used 3066K [0x00000000eab00000, 0x00000000eb500000, 0x0000000100000000)
  eden space 1024K, 0% used [0x00000000eab00000,0x00000000eab00000,0x00000000eac00000)
  from space 3072K, 99% used [0x00000000eac80000,0x00000000eaf7eb00,0x00000000eaf80000)
  to   space 4608K, 0% used [0x00000000eb080000,0x00000000eb080000,0x00000000eb500000)
 ParOldGen       total 150528K, used 134157K [0x00000000c0000000, 0x00000000c9300000, 0x00000000eab00000)
  object space 150528K, 89% used [0x00000000c0000000,0x00000000c8303538,0x00000000c9300000)
 Metaspace       used 94077K, committed 95360K, reserved 1179648K
  class space    used 9565K, committed 10112K, reserved 1048576K
}
Event: 7261.709 GC heap before
{Heap before GC invocations=2135 (full 52):
 PSYoungGen      total 4096K, used 4090K [0x00000000eab00000, 0x00000000eb500000, 0x0000000100000000)
  eden space 1024K, 100% used [0x00000000eab00000,0x00000000eac00000,0x00000000eac00000)
  from space 3072K, 99% used [0x00000000eac80000,0x00000000eaf7eb00,0x00000000eaf80000)
  to   space 4608K, 0% used [0x00000000eb080000,0x00000000eb080000,0x00000000eb500000)
 ParOldGen       total 150528K, used 134157K [0x00000000c0000000, 0x00000000c9300000, 0x00000000eab00000)
  object space 150528K, 89% used [0x00000000c0000000,0x00000000c8303538,0x00000000c9300000)
 Metaspace       used 94077K, committed 95360K, reserved 1179648K
  class space    used 9565K, committed 10112K, reserved 1048576K
}
Event: 7261.718 GC heap after
{Heap after GC invocations=2135 (full 52):
 PSYoungGen      total 2560K, used 1530K [0x00000000eab00000, 0x00000000eb200000, 0x0000000100000000)
  eden space 1024K, 0% used [0x00000000eab00000,0x00000000eab00000,0x00000000eac00000)
  from space 1536K, 99% used [0x00000000eb080000,0x00000000eb1feb00,0x00000000eb200000)
  to   space 2560K, 0% used [0x00000000ead00000,0x00000000ead00000,0x00000000eaf80000)
 ParOldGen       total 150528K, used 136021K [0x00000000c0000000, 0x00000000c9300000, 0x00000000eab00000)
  object space 150528K, 90% used [0x00000000c0000000,0x00000000c84d5538,0x00000000c9300000)
 Metaspace       used 94077K, committed 95360K, reserved 1179648K
  class space    used 9565K, committed 10112K, reserved 1048576K
}
Event: 7261.757 GC heap before
{Heap before GC invocations=2136 (full 52):
 PSYoungGen      total 2560K, used 2554K [0x00000000eab00000, 0x00000000eb200000, 0x0000000100000000)
  eden space 1024K, 99% used [0x00000000eab00000,0x00000000eabffff0,0x00000000eac00000)
  from space 1536K, 99% used [0x00000000eb080000,0x00000000eb1feb00,0x00000000eb200000)
  to   space 2560K, 0% used [0x00000000ead00000,0x00000000ead00000,0x00000000eaf80000)
 ParOldGen       total 150528K, used 136021K [0x00000000c0000000, 0x00000000c9300000, 0x00000000eab00000)
  object space 150528K, 90% used [0x00000000c0000000,0x00000000c84d5538,0x00000000c9300000)
 Metaspace       used 94077K, committed 95360K, reserved 1179648K
  class space    used 9565K, committed 10112K, reserved 1048576K
}
Event: 7261.762 GC heap after
{Heap after GC invocations=2136 (full 52):
 PSYoungGen      total 3584K, used 1178K [0x00000000eab00000, 0x00000000eb100000, 0x0000000100000000)
  eden space 1024K, 0% used [0x00000000eab00000,0x00000000eab00000,0x00000000eac00000)
  from space 2560K, 46% used [0x00000000ead00000,0x00000000eae26b00,0x00000000eaf80000)
  to   space 1536K, 0% used [0x00000000eaf80000,0x00000000eaf80000,0x00000000eb100000)
 ParOldGen       total 150528K, used 136293K [0x00000000c0000000, 0x00000000c9300000, 0x00000000eab00000)
  object space 150528K, 90% used [0x00000000c0000000,0x00000000c8519538,0x00000000c9300000)
 Metaspace       used 94077K, committed 95360K, reserved 1179648K
  class space    used 9565K, committed 10112K, reserved 1048576K
}
Event: 7261.765 GC heap before
{Heap before GC invocations=2137 (full 52):
 PSYoungGen      total 3584K, used 2202K [0x00000000eab00000, 0x00000000eb100000, 0x0000000100000000)
  eden space 1024K, 100% used [0x00000000eab00000,0x00000000eac00000,0x00000000eac00000)
  from space 2560K, 46% used [0x00000000ead00000,0x00000000eae26b00,0x00000000eaf80000)
  to   space 1536K, 0% used [0x00000000eaf80000,0x00000000eaf80000,0x00000000eb100000)
 ParOldGen       total 150528K, used 136293K [0x00000000c0000000, 0x00000000c9300000, 0x00000000eab00000)
  object space 150528K, 90% used [0x00000000c0000000,0x00000000c8519538,0x00000000c9300000)
 Metaspace       used 94077K, committed 95360K, reserved 1179648K
  class space    used 9565K, committed 10112K, reserved 1048576K
}
Event: 7261.771 GC heap after
{Heap after GC invocations=2137 (full 52):
 PSYoungGen      total 3072K, used 1488K [0x00000000eab00000, 0x00000000eb100000, 0x0000000100000000)
  eden space 1536K, 0% used [0x00000000eab00000,0x00000000eab00000,0x00000000eac80000)
  from space 1536K, 96% used [0x00000000eaf80000,0x00000000eb0f4010,0x00000000eb100000)
  to   space 2048K, 0% used [0x00000000ead00000,0x00000000ead00000,0x00000000eaf00000)
 ParOldGen       total 150528K, used 136704K [0x00000000c0000000, 0x00000000c9300000, 0x00000000eab00000)
  object space 150528K, 90% used [0x00000000c0000000,0x00000000c8580038,0x00000000c9300000)
 Metaspace       used 94077K, committed 95360K, reserved 1179648K
  class space    used 9565K, committed 10112K, reserved 1048576K
}
Event: 7261.792 GC heap before
{Heap before GC invocations=2138 (full 52):
 PSYoungGen      total 3072K, used 3000K [0x00000000eab00000, 0x00000000eb100000, 0x0000000100000000)
  eden space 1536K, 98% used [0x00000000eab00000,0x00000000eac7a330,0x00000000eac80000)
  from space 1536K, 96% used [0x00000000eaf80000,0x00000000eb0f4010,0x00000000eb100000)
  to   space 2048K, 0% used [0x00000000ead00000,0x00000000ead00000,0x00000000eaf00000)
 ParOldGen       total 150528K, used 136704K [0x00000000c0000000, 0x00000000c9300000, 0x00000000eab00000)
  object space 150528K, 90% used [0x00000000c0000000,0x00000000c8580038,0x00000000c9300000)
 Metaspace       used 94077K, committed 95360K, reserved 1179648K
  class space    used 9565K, committed 10112K, reserved 1048576K
}
Event: 7261.797 GC heap after
{Heap after GC invocations=2138 (full 52):
 PSYoungGen      total 4096K, used 1684K [0x00000000eab00000, 0x00000000eb100000, 0x0000000100000000)
  eden space 2048K, 0% used [0x00000000eab00000,0x00000000eab00000,0x00000000ead00000)
  from space 2048K, 82% used [0x00000000ead00000,0x00000000eaea5000,0x00000000eaf00000)
  to   space 2048K, 0% used [0x00000000eaf00000,0x00000000eaf00000,0x00000000eb100000)
 ParOldGen       total 150528K, used 137264K [0x00000000c0000000, 0x00000000c9300000, 0x00000000eab00000)
  object space 150528K, 91% used [0x00000000c0000000,0x00000000c860c038,0x00000000c9300000)
 Metaspace       used 94077K, committed 95360K, reserved 1179648K
  class space    used 9565K, committed 10112K, reserved 1048576K
}
Event: 7262.091 GC heap before
{Heap before GC invocations=2139 (full 52):
 PSYoungGen      total 4096K, used 3732K [0x00000000eab00000, 0x00000000eb100000, 0x0000000100000000)
  eden space 2048K, 100% used [0x00000000eab00000,0x00000000ead00000,0x00000000ead00000)
  from space 2048K, 82% used [0x00000000ead00000,0x00000000eaea5000,0x00000000eaf00000)
  to   space 2048K, 0% used [0x00000000eaf00000,0x00000000eaf00000,0x00000000eb100000)
 ParOldGen       total 150528K, used 137264K [0x00000000c0000000, 0x00000000c9300000, 0x00000000eab00000)
  object space 150528K, 91% used [0x00000000c0000000,0x00000000c860c038,0x00000000c9300000)
 Metaspace       used 94078K, committed 95360K, reserved 1179648K
  class space    used 9565K, committed 10112K, reserved 1048576K
}
Event: 7262.099 GC heap after
{Heap after GC invocations=2139 (full 52):
 PSYoungGen      total 4096K, used 1904K [0x00000000eab00000, 0x00000000eb100000, 0x0000000100000000)
  eden space 2048K, 0% used [0x00000000eab00000,0x00000000eab00000,0x00000000ead00000)
  from space 2048K, 92% used [0x00000000eaf00000,0x00000000eb0dc020,0x00000000eb100000)
  to   space 2048K, 0% used [0x00000000ead00000,0x00000000ead00000,0x00000000eaf00000)
 ParOldGen       total 150528K, used 137808K [0x00000000c0000000, 0x00000000c9300000, 0x00000000eab00000)
  object space 150528K, 91% used [0x00000000c0000000,0x00000000c8694038,0x00000000c9300000)
 Metaspace       used 94078K, committed 95360K, reserved 1179648K
  class space    used 9565K, committed 10112K, reserved 1048576K
}

